[debug] [2024-01-14T06:23:15.590Z] ----------------------------------------------------------------------
[debug] [2024-01-14T06:23:15.593Z] Command:       C:\Program Files\nodejs\node.exe C:\Users\bryan\AppData\Roaming\npm\node_modules\firebase-tools\lib\bin\firebase.js init
[debug] [2024-01-14T06:23:15.593Z] CLI Version:   13.0.3
[debug] [2024-01-14T06:23:15.594Z] Platform:      win32
[debug] [2024-01-14T06:23:15.594Z] Node Version:  v18.14.0
[debug] [2024-01-14T06:23:15.595Z] Time:          Sun Jan 14 2024 01:23:15 GMT-0500 (Eastern Standard Time)
[debug] [2024-01-14T06:23:15.595Z] ----------------------------------------------------------------------
[debug] 
[debug] [2024-01-14T06:23:15.687Z] > command requires scopes: ["email","openid","https://www.googleapis.com/auth/cloudplatformprojects.readonly","https://www.googleapis.com/auth/firebase","https://www.googleapis.com/auth/cloud-platform"]
[debug] [2024-01-14T06:23:15.688Z] > authorizing via signed-in user (bryanmartinez2401@gmail.com)
[info] 
     ######## #### ########  ######## ########     ###     ######  ########
     ##        ##  ##     ## ##       ##     ##  ##   ##  ##       ##
     ######    ##  ########  ######   ########  #########  ######  ######
     ##        ##  ##    ##  ##       ##     ## ##     ##       ## ##
     ##       #### ##     ## ######## ########  ##     ##  ######  ########

You're about to initialize a Firebase project in this directory:

  C:\Users\bryan\Projects\portfolio

Before we get started, keep in mind:

  * You are initializing within an existing Firebase project directory

